This is pdfTeX, Version 3.14159265-2.6-1.40.19 (TeX Live 2018) (preloaded format=pdflatex 2018.6.22)  22 JUN 2018 02:01
entering extended mode
 restricted \write18 enabled.
 file:line:error style messages enabled.
 %&-line parsing enabled.
**cp1718t.tex
(./cp1718t.tex
LaTeX2e <2018-04-01> patch level 2
Babel <3.18> and hyphenation patterns for 84 language(s) loaded.
(/usr/local/texlive/2018/texmf-dist/tex/latex/base/article.cls
Document Class: article 2014/09/29 v1.4h Standard LaTeX document class
(/usr/local/texlive/2018/texmf-dist/tex/latex/base/size10.clo
File: size10.clo 2014/09/29 v1.4h Standard LaTeX file (size option)
)
\c@part=\count80
\c@section=\count81
\c@subsection=\count82
\c@subsubsection=\count83
\c@paragraph=\count84
\c@subparagraph=\count85
\c@figure=\count86
\c@table=\count87
\abovecaptionskip=\skip41
\belowcaptionskip=\skip42
\bibindent=\dimen102
)
(/usr/local/texlive/2018/texmf-dist/tex/latex/geometry/geometry.sty
Package: geometry 2018/03/24 v5.7 Page Geometry

(/usr/local/texlive/2018/texmf-dist/tex/latex/graphics/keyval.sty
Package: keyval 2014/10/28 v1.15 key=value parser (DPC)
\KV@toks@=\toks14
)
(/usr/local/texlive/2018/texmf-dist/tex/generic/oberdiek/ifpdf.sty
Package: ifpdf 2017/03/15 v3.2 Provides the ifpdf switch
)
(/usr/local/texlive/2018/texmf-dist/tex/generic/oberdiek/ifvtex.sty
Package: ifvtex 2016/05/16 v1.6 Detect VTeX and its facilities (HO)
Package ifvtex Info: VTeX not detected.
)
(/usr/local/texlive/2018/texmf-dist/tex/generic/ifxetex/ifxetex.sty
Package: ifxetex 2010/09/12 v0.6 Provides ifxetex conditional
)
\Gm@cnth=\count88
\Gm@cntv=\count89
\c@Gm@tempcnt=\count90
\Gm@bindingoffset=\dimen103
\Gm@wd@mp=\dimen104
\Gm@odd@mp=\dimen105
\Gm@even@mp=\dimen106
\Gm@layoutwidth=\dimen107
\Gm@layoutheight=\dimen108
\Gm@layouthoffset=\dimen109
\Gm@layoutvoffset=\dimen110
\Gm@dimlist=\toks15
)
(/usr/local/texlive/2018/texmf-dist/tex/latex/psnfss/palatino.sty
Package: palatino 2005/04/12 PSNFSS-v9.2a (SPQR) 
)
(/usr/local/texlive/2018/texmf-dist/tex/latex/hyperref/hyperref.sty
Package: hyperref 2018/02/06 v6.86b Hypertext links for LaTeX

(/usr/local/texlive/2018/texmf-dist/tex/generic/oberdiek/hobsub-hyperref.sty
Package: hobsub-hyperref 2016/05/16 v1.14 Bundle oberdiek, subset hyperref (HO)


(/usr/local/texlive/2018/texmf-dist/tex/generic/oberdiek/hobsub-generic.sty
Package: hobsub-generic 2016/05/16 v1.14 Bundle oberdiek, subset generic (HO)
Package: hobsub 2016/05/16 v1.14 Construct package bundles (HO)
Package: infwarerr 2016/05/16 v1.4 Providing info/warning/error messages (HO)
Package: ltxcmds 2016/05/16 v1.23 LaTeX kernel commands for general use (HO)
Package: ifluatex 2016/05/16 v1.4 Provides the ifluatex switch (HO)
Package ifluatex Info: LuaTeX not detected.
Package hobsub Info: Skipping package `ifvtex' (already loaded).
Package: intcalc 2016/05/16 v1.2 Expandable calculations with integers (HO)
Package hobsub Info: Skipping package `ifpdf' (already loaded).
Package: etexcmds 2016/05/16 v1.6 Avoid name clashes with e-TeX commands (HO)
Package etexcmds Info: Could not find \expanded.
(etexcmds)             That can mean that you are not using pdfTeX 1.50 or
(etexcmds)             that some package has redefined \expanded.
(etexcmds)             In the latter case, load this package earlier.
Package: kvsetkeys 2016/05/16 v1.17 Key value parser (HO)
Package: kvdefinekeys 2016/05/16 v1.4 Define keys (HO)
Package: pdftexcmds 2018/01/30 v0.27 Utility functions of pdfTeX for LuaTeX (HO
)
Package pdftexcmds Info: LuaTeX not detected.
Package pdftexcmds Info: \pdf@primitive is available.
Package pdftexcmds Info: \pdf@ifprimitive is available.
Package pdftexcmds Info: \pdfdraftmode found.
Package: pdfescape 2016/05/16 v1.14 Implements pdfTeX's escape features (HO)
Package: bigintcalc 2016/05/16 v1.4 Expandable calculations on big integers (HO
)
Package: bitset 2016/05/16 v1.2 Handle bit-vector datatype (HO)
Package: uniquecounter 2016/05/16 v1.3 Provide unlimited unique counter (HO)
)
Package hobsub Info: Skipping package `hobsub' (already loaded).
Package: letltxmacro 2016/05/16 v1.5 Let assignment for LaTeX macros (HO)
Package: hopatch 2016/05/16 v1.3 Wrapper for package hooks (HO)
Package: xcolor-patch 2016/05/16 xcolor patch
Package: atveryend 2016/05/16 v1.9 Hooks at the very end of document (HO)
Package atveryend Info: \enddocument detected (standard20110627).
Package: atbegshi 2016/06/09 v1.18 At begin shipout hook (HO)
Package: refcount 2016/05/16 v3.5 Data extraction from label references (HO)
Package: hycolor 2016/05/16 v1.8 Color options for hyperref/bookmark (HO)
)
(/usr/local/texlive/2018/texmf-dist/tex/latex/oberdiek/auxhook.sty
Package: auxhook 2016/05/16 v1.4 Hooks for auxiliary files (HO)
)
(/usr/local/texlive/2018/texmf-dist/tex/latex/oberdiek/kvoptions.sty
Package: kvoptions 2016/05/16 v3.12 Key value format for package options (HO)
)
\@linkdim=\dimen111
\Hy@linkcounter=\count91
\Hy@pagecounter=\count92

(/usr/local/texlive/2018/texmf-dist/tex/latex/hyperref/pd1enc.def
File: pd1enc.def 2018/02/06 v6.86b Hyperref: PDFDocEncoding definition (HO)
Now handling font encoding PD1 ...
... no UTF-8 mapping file for font encoding PD1
)
\Hy@SavedSpaceFactor=\count93

(/usr/local/texlive/2018/texmf-dist/tex/latex/latexconfig/hyperref.cfg
File: hyperref.cfg 2002/06/06 v1.2 hyperref configuration of TeXLive
)
Package hyperref Info: Option `colorlinks' set `true' on input line 4383.
Package hyperref Info: Hyper figures OFF on input line 4509.
Package hyperref Info: Link nesting OFF on input line 4514.
Package hyperref Info: Hyper index ON on input line 4517.
Package hyperref Info: Plain pages OFF on input line 4524.
Package hyperref Info: Backreferencing OFF on input line 4529.
Package hyperref Info: Implicit mode ON; LaTeX internals redefined.
Package hyperref Info: Bookmarks ON on input line 4762.
\c@Hy@tempcnt=\count94

(/usr/local/texlive/2018/texmf-dist/tex/latex/url/url.sty
\Urlmuskip=\muskip10
Package: url 2013/09/16  ver 3.4  Verb mode for urls, etc.
)
LaTeX Info: Redefining \url on input line 5115.
\XeTeXLinkMargin=\dimen112
\Fld@menulength=\count95
\Field@Width=\dimen113
\Fld@charsize=\dimen114
Package hyperref Info: Hyper figures OFF on input line 6369.
Package hyperref Info: Link nesting OFF on input line 6374.
Package hyperref Info: Hyper index ON on input line 6377.
Package hyperref Info: backreferencing OFF on input line 6384.
Package hyperref Info: Link coloring ON on input line 6387.
Package hyperref Info: Link coloring with OCG OFF on input line 6394.
Package hyperref Info: PDF/A mode OFF on input line 6399.
LaTeX Info: Redefining \ref on input line 6439.
LaTeX Info: Redefining \pageref on input line 6443.
\Hy@abspage=\count96
\c@Item=\count97
\c@Hfootnote=\count98
)
Package hyperref Info: Driver (autodetected): hpdftex.

(/usr/local/texlive/2018/texmf-dist/tex/latex/hyperref/hpdftex.def
File: hpdftex.def 2018/02/06 v6.86b Hyperref driver for pdfTeX
\Fld@listcount=\count99
\c@bookmark@seq@number=\count100

(/usr/local/texlive/2018/texmf-dist/tex/latex/oberdiek/rerunfilecheck.sty
Package: rerunfilecheck 2016/05/16 v1.8 Rerun checks for auxiliary files (HO)
Package uniquecounter Info: New unique counter `rerunfilecheck' on input line 2
82.
)
\Hy@SectionHShift=\skip43
)
(/usr/local/texlive/2018/texmf-dist/tex/latex/graphics/graphicx.sty
Package: graphicx 2017/06/01 v1.1a Enhanced LaTeX Graphics (DPC,SPQR)

(/usr/local/texlive/2018/texmf-dist/tex/latex/graphics/graphics.sty
Package: graphics 2017/06/25 v1.2c Standard LaTeX Graphics (DPC,SPQR)

(/usr/local/texlive/2018/texmf-dist/tex/latex/graphics/trig.sty
Package: trig 2016/01/03 v1.10 sin cos tan (DPC)
)
(/usr/local/texlive/2018/texmf-dist/tex/latex/graphics-cfg/graphics.cfg
File: graphics.cfg 2016/06/04 v1.11 sample graphics configuration
)
Package graphics Info: Driver file: pdftex.def on input line 99.

(/usr/local/texlive/2018/texmf-dist/tex/latex/graphics-def/pdftex.def
File: pdftex.def 2018/01/08 v1.0l Graphics/color driver for pdftex
))
\Gin@req@height=\dimen115
\Gin@req@width=\dimen116
)
(./cp1718t.sty (/usr/local/texlive/2018/texmf-dist/tex/latex/base/fleqn.sty

LaTeX Warning: inputting `fleqn.clo' instead of obsolete `fleqn.sty'.

(/usr/local/texlive/2018/texmf-dist/tex/latex/base/fleqn.clo
File: fleqn.clo 2016/12/29 v1.2a Standard LaTeX option (flush left equations)
\mathindent=\dimen117
Applying: [2015/01/01] Make \[ robust on input line 50.
LaTeX Info: Redefining \[ on input line 51.
Already applied: [0000/00/00] Make \[ robust on input line 62.
Applying: [2015/01/01] Make \] robust on input line 74.
LaTeX Info: Redefining \] on input line 75.
Already applied: [0000/00/00] Make \] robust on input line 83.
))
(/usr/local/texlive/2018/texmf-dist/tex/generic/babel/babel.sty
Package: babel 2018/02/14 3.18 The Babel package

(/usr/local/texlive/2018/texmf-dist/tex/generic/babel/switch.def
File: switch.def 2018/02/14 3.18 Babel switching mechanism
)
(/usr/local/texlive/2018/texmf-dist/tex/generic/babel-portuges/portuges.ldf
Language: portuges 2008/03/18 v1.2q Portuguese support from the babel system

(/usr/local/texlive/2018/texmf-dist/tex/generic/babel/babel.def
File: babel.def 2018/02/14 3.18 Babel common definitions
\babel@savecnt=\count101
\U@D=\dimen118

(/usr/local/texlive/2018/texmf-dist/tex/generic/babel/txtbabel.def)
\bbl@dirlevel=\count102
)
Package babel Info: Making " an active character on input line 145.
))
(/usr/local/texlive/2018/texmf-dist/tex/latex/base/inputenc.sty
Package: inputenc 2018/04/06 v1.3b Input encoding file
\inpenc@prehook=\toks16
\inpenc@posthook=\toks17
)
\c@teste=\count103
\c@propriedade=\count104

(/usr/local/texlive/2018/texmf-dist/tex/latex/fancyvrb/fancyvrb.sty
Package: fancyvrb 2008/02/07

Style option: `fancyvrb' v2.7a, with DG/SPQR fixes, and firstline=lastline fix 
<2008/02/07> (tvz)
\FV@CodeLineNo=\count105
\FV@InFile=\read1
\FV@TabBox=\box26
\c@FancyVerbLine=\count106
\FV@StepNumber=\count107
\FV@OutFile=\write3
)
(/usr/local/texlive/2018/texmf-dist/tex/generic/xypic/xy.sty
(/usr/local/texlive/2018/texmf-dist/tex/generic/xypic/xy.tex Bootstrap'ing:
catcodes, docmode,
(/usr/local/texlive/2018/texmf-dist/tex/generic/xypic/xyrecat.tex)
(/usr/local/texlive/2018/texmf-dist/tex/generic/xypic/xyidioms.tex)

 Xy-pic version 3.8.9 <2013/10/06>
 Copyright (c) 1991-2013 by Kristoffer H. Rose <krisrose@tug.org> and others
 Xy-pic is free software: see the User's Guide for details.

Loading kernel: messages; fonts; allocations: state,
\X@c=\dimen119
\Y@c=\dimen120
\U@c=\dimen121
\D@c=\dimen122
\L@c=\dimen123
\R@c=\dimen124
\Edge@c=\toks18
\X@p=\dimen125
\Y@p=\dimen126
\U@p=\dimen127
\D@p=\dimen128
\L@p=\dimen129
\R@p=\dimen130
\Edge@p=\toks19
\X@origin=\dimen131
\Y@origin=\dimen132
\X@xbase=\dimen133
\Y@xbase=\dimen134
\X@ybase=\dimen135
\Y@ybase=\dimen136
\X@min=\dimen137
\Y@min=\dimen138
\X@max=\dimen139
\Y@max=\dimen140
\lastobjectbox@=\box27
\zerodotbox@=\box28
\almostz@=\dimen141
 direction,
\d@X=\dimen142
\d@Y=\dimen143
\K@=\count108
\KK@=\count109
\Direction=\count110
\K@dXdY=\dimen144
\K@dYdX=\dimen145
\xyread@=\read2
\xywrite@=\write4
\csp@=\count111
\quotPTK@=\dimen146

utility macros; pictures: \xy, positions,
\swaptoks@@=\toks20
\connectobjectbox@@=\box29
 objects,
\styletoks@=\toks21
 decorations;
kernel objects: directionals, circles, text; options; algorithms: directions,
edges, connections;  Xy-pic loaded)
Package: xy 2013/10/06 Xy-pic version 3.8.9

(/usr/local/texlive/2018/texmf-dist/tex/generic/xypic/xyall.tex
 Xy-pic option: All features v.3.8
(/usr/local/texlive/2018/texmf-dist/tex/generic/xypic/xycurve.tex
 Xy-pic option: Curve and Spline extension v.3.12 curve,
\crv@cnt@=\count112
\crvpts@=\toks22
\splinebox@=\box30
\splineval@=\dimen147
\splinedepth@=\dimen148
\splinetol@=\dimen149
\splinelength@=\dimen150
 circles,
\L@=\dimen151
 loaded)
(/usr/local/texlive/2018/texmf-dist/tex/generic/xypic/xyframe.tex
 Xy-pic option: Frame and Bracket extension v.3.14 loaded)
(/usr/local/texlive/2018/texmf-dist/tex/generic/xypic/xycmtip.tex
 Xy-pic option: Computer Modern tip extension v.3.7
(/usr/local/texlive/2018/texmf-dist/tex/generic/xypic/xytips.tex
 Xy-pic option: More Tips extension v.3.11 loaded) loaded)
(/usr/local/texlive/2018/texmf-dist/tex/generic/xypic/xyline.tex
 Xy-pic option: Line styles extension v.3.10
\xylinethick@=\dimen152
 loaded)
(/usr/local/texlive/2018/texmf-dist/tex/generic/xypic/xyrotate.tex
 Xy-pic option: Rotate and Scale extension v.3.8 loaded)
(/usr/local/texlive/2018/texmf-dist/tex/generic/xypic/xycolor.tex
 Xy-pic option: Colour extension v.3.11 loaded)
(/usr/local/texlive/2018/texmf-dist/tex/generic/xypic/xymatrix.tex
 Xy-pic option: Matrix feature v.3.14
\Row=\count113
\Col=\count114
\queue@=\toks23
\queue@@=\toks24
\qcount@=\count115
\qcount@@=\count116
\matrixsize@=\count117
 loaded)
(/usr/local/texlive/2018/texmf-dist/tex/generic/xypic/xyarrow.tex
 Xy-pic option: Arrow and Path feature v.3.9 path, \ar, loaded)
(/usr/local/texlive/2018/texmf-dist/tex/generic/xypic/xygraph.tex
 Xy-pic option: Graph feature v.3.11 loaded) loaded)
(/usr/local/texlive/2018/texmf-dist/tex/generic/xypic/xypdf.tex
 Xy-pic option: PDF driver v.1.7 Xy-pic pdf driver: `color' extension support
(/usr/local/texlive/2018/texmf-dist/tex/generic/xypic/xypdf-co.tex loaded)
Xy-pic pdf driver: `curve' extension support
(/usr/local/texlive/2018/texmf-dist/tex/generic/xypic/xypdf-cu.tex loaded)
Xy-pic pdf driver: `frame' extension support
(/usr/local/texlive/2018/texmf-dist/tex/generic/xypic/xypdf-fr.tex loaded)
Xy-pic pdf driver: `line' extension support
(/usr/local/texlive/2018/texmf-dist/tex/generic/xypic/xypdf-li.tex loaded)
Xy-pic pdf driver: `rotate' extension support
(/usr/local/texlive/2018/texmf-dist/tex/generic/xypic/xypdf-ro.tex loaded)
loaded)) (/usr/local/texlive/2018/texmf-dist/tex/latex/base/makeidx.sty
Package: makeidx 2014/09/29 v1.0m Standard LaTeX package
))
(/usr/local/texlive/2018/texmf-dist/tex/latex/caption/subcaption.sty
Package: subcaption 2016/05/22 v1.1-161 Sub-captions (AR)

(/usr/local/texlive/2018/texmf-dist/tex/latex/caption/caption.sty
Package: caption 2016/02/21 v3.3-144 Customizing captions (AR)

(/usr/local/texlive/2018/texmf-dist/tex/latex/caption/caption3.sty
Package: caption3 2016/05/22 v1.7-166 caption3 kernel (AR)
Package caption3 Info: TeX engine: e-TeX on input line 67.
\captionmargin=\dimen153
\captionmargin@=\dimen154
\captionwidth=\dimen155
\caption@tempdima=\dimen156
\caption@indent=\dimen157
\caption@parindent=\dimen158
\caption@hangindent=\dimen159
)
\c@ContinuedFloat=\count118
Package caption Info: hyperref package is loaded.
)
\c@subfigure=\count119
\c@subtable=\count120
)
(/usr/local/texlive/2018/texmf-dist/tex/latex/adjustbox/adjustbox.sty
Package: adjustbox 2018/04/08 v1.1 Adjusting TeX boxes (trim, clip, ...)

(/usr/local/texlive/2018/texmf-dist/tex/latex/xkeyval/xkeyval.sty
Package: xkeyval 2014/12/03 v2.7a package option processing (HA)

(/usr/local/texlive/2018/texmf-dist/tex/generic/xkeyval/xkeyval.tex
(/usr/local/texlive/2018/texmf-dist/tex/generic/xkeyval/xkvutils.tex
\XKV@toks=\toks25
\XKV@tempa@toks=\toks26
)
\XKV@depth=\count121
File: xkeyval.tex 2014/12/03 v2.7a key=value parser (HA)
))
(/usr/local/texlive/2018/texmf-dist/tex/latex/adjustbox/adjcalc.sty
Package: adjcalc 2012/05/16 v1.1 Provides advanced setlength with multiple back
-ends (calc, etex, pgfmath)
)
(/usr/local/texlive/2018/texmf-dist/tex/latex/adjustbox/trimclip.sty
Package: trimclip 2018/04/08 v1.1 Trim and clip general TeX material

(/usr/local/texlive/2018/texmf-dist/tex/latex/collectbox/collectbox.sty
Package: collectbox 2012/05/17 v0.4b Collect macro arguments as boxes
\collectedbox=\box31
)
\tc@llx=\dimen160
\tc@lly=\dimen161
\tc@urx=\dimen162
\tc@ury=\dimen163
Package trimclip Info: Using driver 'tc-pdftex.def'.

(/usr/local/texlive/2018/texmf-dist/tex/latex/adjustbox/tc-pdftex.def
File: tc-pdftex.def 2018/04/08 v2.1 Clipping driver for pdftex
))
\adjbox@Width=\dimen164
\adjbox@Height=\dimen165
\adjbox@Depth=\dimen166
\adjbox@Totalheight=\dimen167
\adjbox@pwidth=\dimen168
\adjbox@pheight=\dimen169
\adjbox@pdepth=\dimen170
\adjbox@ptotalheight=\dimen171

(/usr/local/texlive/2018/texmf-dist/tex/latex/ifoddpage/ifoddpage.sty
Package: ifoddpage 2016/04/23 v1.1 Conditionals for odd/even page detection
\c@checkoddpage=\count122
)
(/usr/local/texlive/2018/texmf-dist/tex/latex/varwidth/varwidth.sty
Package: varwidth 2009/03/30 ver 0.92;  Variable-width minipages
\@vwid@box=\box32
\sift@deathcycles=\count123
\@vwid@loff=\dimen172
\@vwid@roff=\dimen173
))
(/usr/local/texlive/2018/texmf-dist/tex/latex/amsmath/amstext.sty
Package: amstext 2000/06/29 v2.01 AMS text

(/usr/local/texlive/2018/texmf-dist/tex/latex/amsmath/amsgen.sty
File: amsgen.sty 1999/11/30 v2.0 generic functions
\@emptytoks=\toks27
\ex@=\dimen174
))
(/usr/local/texlive/2018/texmf-dist/tex/latex/amsfonts/amssymb.sty
Package: amssymb 2013/01/14 v3.01 AMS font symbols

(/usr/local/texlive/2018/texmf-dist/tex/latex/amsfonts/amsfonts.sty
Package: amsfonts 2013/01/14 v3.01 Basic AMSFonts support
\symAMSa=\mathgroup4
\symAMSb=\mathgroup5
LaTeX Font Info:    Overwriting math alphabet `\mathfrak' in version `bold'
(Font)                  U/euf/m/n --> U/euf/b/n on input line 106.
))
(/usr/local/texlive/2018/texmf-dist/tex/latex/stmaryrd/stmaryrd.sty
Package: stmaryrd 1994/03/03 St Mary's Road symbol package
\symstmry=\mathgroup6
LaTeX Font Info:    Overwriting symbol font `stmry' in version `bold'
(Font)                  U/stmry/m/n --> U/stmry/b/n on input line 89.
)
(/usr/local/texlive/2018/texmf-dist/tex/latex/polytable/polytable.sty
Package: polytable 2013/07/18 v0.8.5 `polytable' package (Andres Loeh)

(/usr/local/texlive/2018/texmf-dist/tex/latex/lazylist/lazylist.sty)
(/usr/local/texlive/2018/texmf-dist/tex/latex/tools/array.sty
Package: array 2018/04/07 v2.4g Tabular extension package (FMi)
\col@sep=\dimen175
\ar@mcellbox=\box33
\extrarowheight=\dimen176
\NC@list=\toks28
\extratabsurround=\skip44
\backup@length=\skip45
\ar@cellbox=\box34
)
\PT@colwidth=\dimen177
\PT@cols=\count124
\PT@table=\count125
\PT@toks=\toks29
\PT@in=\read3
\PT@out=\write5
)
\blanklineskip=\skip46

(/usr/local/texlive/2018/texmf-dist/tex/latex/tools/calc.sty
Package: calc 2017/05/25 v4.3 Infix arithmetic (KKT,FJ)
\calc@Acount=\count126
\calc@Bcount=\count127
\calc@Adimen=\dimen178
\calc@Bdimen=\dimen179
\calc@Askip=\skip47
\calc@Bskip=\skip48
LaTeX Info: Redefining \setlength on input line 80.
LaTeX Info: Redefining \addtolength on input line 81.
\calc@Ccount=\count128
\calc@Cskip=\skip49
)
\@indexfile=\write6
\openout6 = `cp1718t.idx'.


Writing index file cp1718t.idx
No file cp1718t.aux.
\openout1 = `cp1718t.aux'.

LaTeX Font Info:    Checking defaults for OML/cmm/m/it on input line 292.
LaTeX Font Info:    ... okay on input line 292.
LaTeX Font Info:    Checking defaults for T1/cmr/m/n on input line 292.
LaTeX Font Info:    ... okay on input line 292.
LaTeX Font Info:    Checking defaults for OT1/cmr/m/n on input line 292.
LaTeX Font Info:    ... okay on input line 292.
LaTeX Font Info:    Checking defaults for OMS/cmsy/m/n on input line 292.
LaTeX Font Info:    ... okay on input line 292.
LaTeX Font Info:    Checking defaults for OMX/cmex/m/n on input line 292.
LaTeX Font Info:    ... okay on input line 292.
LaTeX Font Info:    Checking defaults for U/cmr/m/n on input line 292.
LaTeX Font Info:    ... okay on input line 292.
LaTeX Font Info:    Checking defaults for PD1/pdf/m/n on input line 292.
LaTeX Font Info:    ... okay on input line 292.
LaTeX Font Info:    Try loading font information for OT1+ppl on input line 292.

(/usr/local/texlive/2018/texmf-dist/tex/latex/psnfss/ot1ppl.fd
File: ot1ppl.fd 2001/06/04 font definitions for OT1/ppl.
)
*geometry* driver: auto-detecting
*geometry* detected driver: pdftex
*geometry* verbose mode - [ preamble ] result:
* driver: pdftex
* paper: a4paper
* layout: <same size as paper>
* layoutoffset:(h,v)=(0.0pt,0.0pt)
* modes: 
* h-part:(L,W,R)=(85.35826pt, 455.24411pt, 56.9055pt)
* v-part:(T,H,B)=(71.13188pt, 702.78308pt, 71.13188pt)
* \paperwidth=597.50787pt
* \paperheight=845.04684pt
* \textwidth=455.24411pt
* \textheight=702.78308pt
* \oddsidemargin=13.08827pt
* \evensidemargin=13.08827pt
* \topmargin=-38.1381pt
* \headheight=12.0pt
* \headsep=25.0pt
* \topskip=10.0pt
* \footskip=30.0pt
* \marginparwidth=65.0pt
* \marginparsep=11.0pt
* \columnsep=10.0pt
* \skip\footins=9.0pt plus 4.0pt minus 2.0pt
* \hoffset=0.0pt
* \voffset=0.0pt
* \mag=1000
* \@twocolumnfalse
* \@twosidefalse
* \@mparswitchfalse
* \@reversemarginfalse
* (1in=72.27pt=25.4mm, 1cm=28.453pt)

\AtBeginShipoutBox=\box35
(/usr/local/texlive/2018/texmf-dist/tex/latex/graphics/color.sty
Package: color 2016/07/10 v1.1e Standard LaTeX Color (DPC)

(/usr/local/texlive/2018/texmf-dist/tex/latex/graphics-cfg/color.cfg
File: color.cfg 2016/01/02 v1.6 sample color configuration
)
Package color Info: Driver file: pdftex.def on input line 147.
)
Package hyperref Info: Link coloring ON on input line 292.

(/usr/local/texlive/2018/texmf-dist/tex/latex/hyperref/nameref.sty
Package: nameref 2016/05/21 v2.44 Cross-referencing by name of section

(/usr/local/texlive/2018/texmf-dist/tex/generic/oberdiek/gettitlestring.sty
Package: gettitlestring 2016/05/16 v1.5 Cleanup title references (HO)
)
\c@section@level=\count129
)
LaTeX Info: Redefining \ref on input line 292.
LaTeX Info: Redefining \pageref on input line 292.
LaTeX Info: Redefining \nameref on input line 292.
\@outlinefile=\write7
\openout7 = `cp1718t.out'.


(/usr/local/texlive/2018/texmf-dist/tex/context/base/mkii/supp-pdf.mkii
[Loading MPS to PDF converter (version 2006.09.02).]
\scratchcounter=\count130
\scratchdimen=\dimen180
\scratchbox=\box36
\nofMPsegments=\count131
\nofMParguments=\count132
\everyMPshowfont=\toks30
\MPscratchCnt=\count133
\MPscratchDim=\dimen181
\MPnumerator=\count134
\makeMPintoPDFobject=\count135
\everyMPtoPDFconversion=\toks31
) (/usr/local/texlive/2018/texmf-dist/tex/latex/oberdiek/epstopdf-base.sty
Package: epstopdf-base 2016/05/15 v2.6 Base part for package epstopdf

(/usr/local/texlive/2018/texmf-dist/tex/latex/oberdiek/grfext.sty
Package: grfext 2016/05/16 v1.2 Manage graphics extensions (HO)
)
Package epstopdf-base Info: Redefining graphics rule for `.eps' on input line 4
38.
Package grfext Info: Graphics extension search list:
(grfext)             [.pdf,.png,.jpg,.mps,.jpeg,.jbig2,.jb2,.PDF,.PNG,.JPG,.JPE
G,.JBIG2,.JB2,.eps]
(grfext)             \AppendGraphicsExtensions on input line 456.

(/usr/local/texlive/2018/texmf-dist/tex/latex/latexconfig/epstopdf-sys.cfg
File: epstopdf-sys.cfg 2010/07/13 v1.3 Configuration of (r)epstopdf for TeX Liv
e
))
LaTeX Font Info:    Try loading font information for U+msa on input line 292.

(/usr/local/texlive/2018/texmf-dist/tex/latex/amsfonts/umsa.fd
File: umsa.fd 2013/01/14 v3.01 AMS symbols A
)
LaTeX Font Info:    Try loading font information for U+msb on input line 292.

(/usr/local/texlive/2018/texmf-dist/tex/latex/amsfonts/umsb.fd
File: umsb.fd 2013/01/14 v3.01 AMS symbols B
)
LaTeX Font Info:    Try loading font information for U+stmry on input line 292.


(/usr/local/texlive/2018/texmf-dist/tex/latex/stmaryrd/Ustmry.fd)
Package xypdf Info: Line width: 0.39998pt on input line 292.
Package caption Info: Begin \AtBeginDocument code.
Package caption Info: End \AtBeginDocument code.
LaTeX Font Info:    Font shape `OT1/ppl/bx/n' in size <12> not available
(Font)              Font shape `OT1/ppl/b/n' tried instead on input line 298.
LaTeX Font Info:    Font shape `OT1/ppl/bx/n' in size <14.4> not available
(Font)              Font shape `OT1/ppl/b/n' tried instead on input line 308.
LaTeX Font Info:    Font shape `OT1/ppl/bx/n' in size <10> not available
(Font)              Font shape `OT1/ppl/b/n' tried instead on input line 327.


LaTeX Warning: Citation `Kn92' on page 1 undefined on input line 327.

LaTeX Font Info:    Try loading font information for OT1+pcr on input line 335.

(/usr/local/texlive/2018/texmf-dist/tex/latex/psnfss/ot1pcr.fd
File: ot1pcr.fd 2001/06/04 font definitions for OT1/pcr.
) [1

{/usr/local/texlive/2018/texmf-var/fonts/map/pdftex/updmap/pdftex.map}]

LaTeX Warning: Reference `sec:resolucao' on page 2 undefined on input line 376.


\openout5 = `cp1718t.ptb'.

\openout5 = `cp1718t.ptb'.

\openout5 = `cp1718t.ptb'.

\openout5 = `cp1718t.ptb'.

\openout5 = `cp1718t.ptb'.

[2]
\openout5 = `cp1718t.ptb'.

\openout5 = `cp1718t.ptb'.

\openout5 = `cp1718t.ptb'.

\openout5 = `cp1718t.ptb'.

\openout5 = `cp1718t.ptb'.

\openout5 = `cp1718t.ptb'.


Overfull \hbox (25.23053pt too wide) in paragraph at lines 563--591
[]$[]$ $[]$ 
 []


LaTeX Warning: Reference `fig:bm' on page 3 undefined on input line 596.

\openout5 = `cp1718t.ptb'.


Overfull \hbox (85.7064pt too wide) in paragraph at lines 604--627
 [][]  
 []


Overfull \hbox (85.7064pt too wide) in paragraph at lines 604--627
 [][]  
 []


Overfull \hbox (85.7064pt too wide) in paragraph at lines 604--627
 [][][][]  
 []


Overfull \hbox (85.7064pt too wide) in paragraph at lines 604--627
 [][][][][][]  
 []


Overfull \hbox (85.7064pt too wide) in paragraph at lines 604--627
 [][]  
 []


Overfull \hbox (85.7064pt too wide) in paragraph at lines 604--627
 [][]  
 []


Overfull \hbox (85.7064pt too wide) in paragraph at lines 604--627
 [][]  
 []

\openout5 = `cp1718t.ptb'.


Overfull \hbox (16.90002pt too wide) in paragraph at lines 629--651
[][] [] 
 []

[3]

LaTeX Warning: Reference `fig:qt' on page 4 undefined on input line 653.

<cp1718t_media/person.png, id=76, 100.375pt x 144.54pt>
File: cp1718t_media/person.png Graphic file (type png)
<use cp1718t_media/person.png>
Package pdftex.def Info: cp1718t_media/person.png  used on input line 659.
(pdftex.def)             Requested size: 45.52371pt x 65.55626pt.
<cp1718t_media/person90.png, id=77, 144.54pt x 100.375pt>
File: cp1718t_media/person90.png Graphic file (type png)
<use cp1718t_media/person90.png>
Package pdftex.def Info: cp1718t_media/person90.png  used on input line 666.
(pdftex.def)             Requested size: 65.55626pt x 45.52371pt.
<cp1718t_media/personx2.png, id=78, 200.75pt x 289.08pt>
File: cp1718t_media/personx2.png Graphic file (type png)
<use cp1718t_media/personx2.png>
Package pdftex.def Info: cp1718t_media/personx2.png  used on input line 673.
(pdftex.def)             Requested size: 91.04742pt x 131.11255pt.
<cp1718t_media/personinv.png, id=79, 100.375pt x 144.54pt>
File: cp1718t_media/personinv.png Graphic file (type png)
<use cp1718t_media/personinv.png>
Package pdftex.def Info: cp1718t_media/personinv.png  used on input line 680.
(pdftex.def)             Requested size: 45.52371pt x 65.55626pt.
<cp1718t_media/person1.png, id=80, 100.375pt x 144.54pt>
File: cp1718t_media/person1.png Graphic file (type png)
<use cp1718t_media/person1.png>
Package pdftex.def Info: cp1718t_media/person1.png  used on input line 687.
(pdftex.def)             Requested size: 45.52371pt x 65.55626pt.
<cp1718t_media/person2.png, id=81, 100.375pt x 144.54pt>
File: cp1718t_media/person2.png Graphic file (type png)
<use cp1718t_media/person2.png>
Package pdftex.def Info: cp1718t_media/person2.png  used on input line 694.
(pdftex.def)             Requested size: 45.52371pt x 65.55626pt.
<cp1718t_media/person3.png, id=82, 100.375pt x 144.54pt>
File: cp1718t_media/person3.png Graphic file (type png)
<use cp1718t_media/person3.png>
Package pdftex.def Info: cp1718t_media/person3.png  used on input line 701.
(pdftex.def)             Requested size: 45.52371pt x 65.55626pt.
<cp1718t_media/person4.png, id=83, 100.375pt x 144.54pt>
File: cp1718t_media/person4.png Graphic file (type png)
<use cp1718t_media/person4.png>
Package pdftex.def Info: cp1718t_media/person4.png  used on input line 708.
(pdftex.def)             Requested size: 45.52371pt x 65.55626pt.
<cp1718t_media/personOut1.png, id=84, 100.375pt x 144.54pt>
File: cp1718t_media/personOut1.png Graphic file (type png)
<use cp1718t_media/personOut1.png>
Package pdftex.def Info: cp1718t_media/personOut1.png  used on input line 715.
(pdftex.def)             Requested size: 45.52371pt x 65.55626pt.
<cp1718t_media/personOut2.png, id=85, 100.375pt x 144.54pt>
File: cp1718t_media/personOut2.png Graphic file (type png)
<use cp1718t_media/personOut2.png>
Package pdftex.def Info: cp1718t_media/personOut2.png  used on input line 722.
(pdftex.def)             Requested size: 45.52371pt x 65.55626pt.

Overfull \hbox (1.90002pt too wide) in paragraph at lines 657--727
[]$[]$ $[]$
 []


Overfull \hbox (1.90002pt too wide) in paragraph at lines 657--727
[]$ $[]$
 []


Overfull \hbox (1.90002pt too wide) in paragraph at lines 657--727
[]$ $[]$
 []


Overfull \hbox (1.90002pt too wide) in paragraph at lines 657--727
[]$ $[]$
 []


Overfull \hbox (1.90002pt too wide) in paragraph at lines 657--727
[]$ $[]$ 
 []


Overfull \hbox (21.92313pt too wide) in paragraph at lines 730--732
\OT1/ppl/m/n/10 co-di-fi-cado no tipo [][]$[]$[][] em que cada pi-xel []e um qu
[]adruplo de va-lo-res in-tei-ros $\OT1/cmr/m/n/10 (\OML/cmm/m/it/10 red; green
; blue; alpha\OT1/cmr/m/n/10 )$
 []

\openout5 = `cp1718t.ptb'.

\openout5 = `cp1718t.ptb'.


LaTeX Warning: Reference `fig:person' on page 4 undefined on input line 758.


LaTeX Warning: Command \textordmasculine invalid in math mode on input line 765
.


LaTeX Warning: Reference `fig:person90' on page 4 undefined on input line 766.


LaTeX Warning: Reference `fig:personx2' on page 4 undefined on input line 766.


LaTeX Warning: Reference `fig:personinv' on page 4 undefined on input line 766.


\openout5 = `cp1718t.ptb'.

[4] [5 <./cp1718t_media/person.png (PNG copy)> <./cp1718t_media/person90.png (P
NG copy)> <./cp1718t_media/personx2.png (PNG copy)> <./cp1718t_media/personinv.
png (PNG copy)> <./cp1718t_media/person1.png (PNG copy)> <./cp1718t_media/perso
n2.png (PNG copy)> <./cp1718t_media/person3.png (PNG copy)> <./cp1718t_media/pe
rson4.png (PNG copy)> <./cp1718t_media/personOut1.png (PNG copy)> <./cp1718t_me
dia/personOut2.png (PNG copy)>]
\openout5 = `cp1718t.ptb'.

\openout5 = `cp1718t.ptb'.



LaTeX Warning: Reference `fig:person1' on page 6 undefined on input line 802.


LaTeX Warning: Reference `fig:person2' on page 6 undefined on input line 802.


LaTeX Warning: Reference `fig:person3' on page 6 undefined on input line 802.


LaTeX Warning: Reference `fig:person4' on page 6 undefined on input line 802.

\openout5 = `cp1718t.ptb'.


LaTeX Warning: Reference `fig:personOut1' on page 6 undefined on input line 821
.


LaTeX Warning: Reference `fig:personOut2' on page 6 undefined on input line 821
.

\openout5 = `cp1718t.ptb'.

\openout5 = `cp1718t.ptb'.

<xymatrix 1x2 10> <xymatrix 1x2 10> [6]
\openout5 = `cp1718t.ptb'.

\openout5 = `cp1718t.ptb'.

\openout5 = `cp1718t.ptb'.

 <xymatrix 1x2 10> <xymatrix 1x2 10>
<xymatrix 1x2 10> <xymatrix 1x2 10>

LaTeX Warning: Reference `eq:bin' on page 7 undefined on input line 911.

\openout5 = `cp1718t.ptb'.

<xymatrix 1x2 10> <xymatrix 1x2 10> <xymatrix 1x2 10>
<cp1718t_media/pythagoras-tree1.png, id=137, 485.815pt x 116.93687pt>
File: cp1718t_media/pythagoras-tree1.png Graphic file (type png)
<use cp1718t_media/pythagoras-tree1.png>
Package pdftex.def Info: cp1718t_media/pythagoras-tree1.png  used on input line
 924.
(pdftex.def)             Requested size: 318.66948pt x 76.70393pt.


LaTeX Warning: Reference `fig:pitagoras1' on page 7 undefined on input line 933
.

\openout5 = `cp1718t.ptb'.

[7 <./cp1718t_media/pythagoras-tree1.png>]
\openout5 = `cp1718t.ptb'.

\openout5 = `cp1718t.ptb'.

\openout5 = `cp1718t.ptb'.

\openout5 = `cp1718t.ptb'.

\openout5 = `cp1718t.ptb'.

\openout5 = `cp1718t.ptb'.


Overfull \hbox (1.81145pt too wide) in paragraph at lines 1043--1046
\OT1/ppl/m/n/10 Mais ainda, se qui-ser-mos sa-ber o to-tal de ber-lin-des em $[
]$ basta cal-cu-lar $[] \OT1/cmr/m/n/10 ([]) []$
 []

\openout5 = `cp1718t.ptb'.

[8]

LaTeX Warning: Reference `fig:dist' on page 9 undefined on input line 1066.

<cp1718t_media/marblesDist-mod5.png, id=168, 301.125pt x 210.7875pt>
File: cp1718t_media/marblesDist-mod5.png Graphic file (type png)
<use cp1718t_media/marblesDist-mod5.png>
Package pdftex.def Info: cp1718t_media/marblesDist-mod5.png  used on input line
 1070.
(pdftex.def)             Requested size: 182.09486pt x 127.47054pt.
\openout5 = `cp1718t.ptb'.

\openout5 = `cp1718t.ptb'.

\openout5 = `cp1718t.ptb'.

No file cp1718t.bbl.
[9 <./cp1718t_media/marblesDist-mod5.png>]
LaTeX Font Info:    Font shape `OT1/ppl/bx/n' in size <20.74> not available
(Font)              Font shape `OT1/ppl/b/n' tried instead on input line 1132.
\openout5 = `cp1718t.ptb'.

\openout5 = `cp1718t.ptb'.

\openout5 = `cp1718t.ptb'.

\openout5 = `cp1718t.ptb'.

\openout5 = `cp1718t.ptb'.

 [10]
\openout5 = `cp1718t.ptb'.

\openout5 = `cp1718t.ptb'.


Overfull \hbox (1.64172pt too wide) in paragraph at lines 1298--1302
\OT1/ppl/m/n/10 Os alu-nos de-vem co-lo-car neste anexo as suas solu[][]oes aos
 exerc[]^^Pcios pro-pos-tos, de acordo com o ``layout''
 []

\openout5 = `cp1718t.ptb'.

LaTeX Font Info:    Try loading font information for OMS+ppl on input line 1360
.
(/usr/local/texlive/2018/texmf-dist/tex/latex/psnfss/omsppl.fd
File: omsppl.fd 
)
LaTeX Font Info:    Font shape `OMS/ppl/m/n' in size <10> not available
(Font)              Font shape `OMS/cmsy/m/n' tried instead on input line 1360.


Overfull \hbox (349.24776pt too wide) in paragraph at lines 1305--1360
 [][] 
 []


Overfull \hbox (349.24776pt too wide) in paragraph at lines 1305--1360
 [][] 
 []


Overfull \hbox (349.24776pt too wide) in paragraph at lines 1305--1360
 [][] 
 []


Overfull \hbox (349.24776pt too wide) in paragraph at lines 1305--1360
 [][] 
 []


Overfull \hbox (349.24776pt too wide) in paragraph at lines 1305--1360
 [][] 
 []


Overfull \hbox (349.24776pt too wide) in paragraph at lines 1305--1360
 [][] 
 []


Overfull \hbox (349.24776pt too wide) in paragraph at lines 1305--1360
 [][] 
 []


Overfull \hbox (349.24776pt too wide) in paragraph at lines 1305--1360
 [][] 
 []


Overfull \hbox (349.24776pt too wide) in paragraph at lines 1305--1360
 [][][][] 
 []


Overfull \hbox (349.24776pt too wide) in paragraph at lines 1305--1360
 [][] 
 []


Overfull \hbox (349.24776pt too wide) in paragraph at lines 1305--1360
 [][] 
 []


Overfull \hbox (349.24776pt too wide) in paragraph at lines 1305--1360
 [][] 
 []


Overfull \hbox (349.24776pt too wide) in paragraph at lines 1305--1360
 [][] 
 []


Overfull \hbox (349.24776pt too wide) in paragraph at lines 1305--1360
 [][] 
 []


Overfull \hbox (349.24776pt too wide) in paragraph at lines 1305--1360
 [][] 
 []


Overfull \hbox (349.24776pt too wide) in paragraph at lines 1305--1360
 [][] 
 []


Overfull \hbox (349.24776pt too wide) in paragraph at lines 1305--1360
 [][] 
 []


Overfull \hbox (349.24776pt too wide) in paragraph at lines 1305--1360
 [][] 
 []


Overfull \hbox (349.24776pt too wide) in paragraph at lines 1305--1360
 [][] 
 []


Overfull \hbox (349.24776pt too wide) in paragraph at lines 1305--1360
 [][] 
 []


Overfull \hbox (349.24776pt too wide) in paragraph at lines 1305--1360
 [][] 
 []


Overfull \hbox (349.24776pt too wide) in paragraph at lines 1305--1360
 [][] 
 []


Overfull \hbox (349.24776pt too wide) in paragraph at lines 1305--1360
 [][] 
 []

[11]
\openout5 = `cp1718t.ptb'.


Overfull \hbox (323.83504pt too wide) in paragraph at lines 1366--1439
 [][] 
 []


Overfull \hbox (323.83504pt too wide) in paragraph at lines 1366--1439
 [][] 
 []


Overfull \hbox (323.83504pt too wide) in paragraph at lines 1366--1439
 [][] 
 []


Overfull \hbox (323.83504pt too wide) in paragraph at lines 1366--1439
 [][] 
 []


Overfull \hbox (323.83504pt too wide) in paragraph at lines 1366--1439
 [][] 
 []


Overfull \hbox (323.83504pt too wide) in paragraph at lines 1366--1439
 [][] 
 []


Overfull \hbox (323.83504pt too wide) in paragraph at lines 1366--1439
 [][] 
 []


Overfull \hbox (323.83504pt too wide) in paragraph at lines 1366--1439
 [][][][] 
 []


Overfull \hbox (323.83504pt too wide) in paragraph at lines 1366--1439
 [][] 
 []


Overfull \hbox (323.83504pt too wide) in paragraph at lines 1366--1439
 [][] 
 []


Overfull \hbox (323.83504pt too wide) in paragraph at lines 1366--1439
 [][] 
 []


Overfull \hbox (323.83504pt too wide) in paragraph at lines 1366--1439
 [][] 
 []


Overfull \hbox (323.83504pt too wide) in paragraph at lines 1366--1439
 [][] 
 []


Overfull \hbox (323.83504pt too wide) in paragraph at lines 1366--1439
 [][] 
 []


Overfull \hbox (323.83504pt too wide) in paragraph at lines 1366--1439
 [][] 
 []


Overfull \hbox (323.83504pt too wide) in paragraph at lines 1366--1439
 [][] 
 []


Overfull \hbox (323.83504pt too wide) in paragraph at lines 1366--1439
 [][] 
 []


Overfull \hbox (323.83504pt too wide) in paragraph at lines 1366--1439
 [][][][] 
 []


Overfull \hbox (323.83504pt too wide) in paragraph at lines 1366--1439
 [][] 
 []


Overfull \hbox (323.83504pt too wide) in paragraph at lines 1366--1439
 [][] 
 []


Overfull \hbox (323.83504pt too wide) in paragraph at lines 1366--1439
 [][] 
 []


Overfull \hbox (323.83504pt too wide) in paragraph at lines 1366--1439
 [][] 
 []


Overfull \hbox (323.83504pt too wide) in paragraph at lines 1366--1439
 [][] 
 []


Overfull \hbox (323.83504pt too wide) in paragraph at lines 1366--1439
 [][] 
 []


Overfull \hbox (323.83504pt too wide) in paragraph at lines 1366--1439
 [][] 
 []


Overfull \hbox (323.83504pt too wide) in paragraph at lines 1366--1439
 [][][][] 
 []


Overfull \hbox (323.83504pt too wide) in paragraph at lines 1366--1439
 [][] 
 []


Overfull \hbox (323.83504pt too wide) in paragraph at lines 1366--1439
 [][] 
 []


Overfull \hbox (323.83504pt too wide) in paragraph at lines 1366--1439
 [][] 
 []

\openout5 = `cp1718t.ptb'.

./cp1718t.tex:1473: Missing { inserted.
<to be read again> 
                   \begingroup 
l.1473 \end{hscode}
                   \resethooks
? 
./cp1718t.tex:1473: Emergency stop.
<to be read again> 
                   \begingroup 
l.1473 \end{hscode}
                   \resethooks
End of file on the terminal!

 
Here is how much of TeX's memory you used:
 12536 strings out of 492649
 182094 string characters out of 6129622
 346445 words of memory out of 5000000
 16074 multiletter control sequences out of 15000+600000
 37868 words of font info for 117 fonts, out of 8000000 for 9000
 1141 hyphenation exceptions out of 8191
 42i,19n,77p,3294b,583s stack positions out of 5000i,500n,10000p,200000b,80000s
./cp1718t.tex:1473:  ==> Fatal error occurred, no output PDF file produced!
